<?xml version="1.0" encoding="UTF-8"?>
<testng-results ignored="0" total="1" passed="1" failed="0" skipped="0">
  <reporter-output>
  </reporter-output>
  <suite started-at="2019-02-19T08:57:45Z" name="Default suite" finished-at="2019-02-19T08:57:45Z" duration-ms="56">
    <groups>
    </groups>
    <test started-at="2019-02-19T08:57:45Z" name="Default test" finished-at="2019-02-19T08:57:45Z" duration-ms="56">
      <class name="myTest.ReverseString">
        <test-method signature="f()[pri:0, instance:myTest.ReverseString@587e5365]" started-at="2019-02-19T08:57:45Z" name="f" finished-at="2019-02-19T08:57:45Z" duration-ms="23" status="PASS">
          <reporter-output>
          </reporter-output>
        </test-method> <!-- f -->
      </class> <!-- myTest.ReverseString -->
    </test> <!-- Default test -->
  </suite> <!-- Default suite -->
</testng-results>
